d:\git\terminal\src\terminal\x64\debug\vc143.pdb
d:\git\terminal\src\terminal\x64\debug\vc143.idb
d:\git\terminal\src\terminal\x64\debug\terminal.obj
d:\git\terminal\src\terminal\x64\debug\logicelement.obj
d:\git\terminal\src\terminal\x64\debug\dialog.obj
d:\git\terminal\src\terminal\x64\debug\main.obj
d:\git\terminal\src\terminal\x64\debug\terminal.pdb
d:\git\terminal\src\terminal\x64\debug\terminal.tlog\cl.command.1.tlog
d:\git\terminal\src\terminal\x64\debug\terminal.tlog\cl.items.tlog
d:\git\terminal\src\terminal\x64\debug\terminal.tlog\cl.write.1.tlog
d:\git\terminal\src\terminal\x64\debug\terminal.tlog\link.2784-cvtres.read.1.tlog
d:\git\terminal\src\terminal\x64\debug\terminal.tlog\link.2784-cvtres.write.1.tlog
d:\git\terminal\src\terminal\x64\debug\terminal.tlog\link.2784-rc.read.1.tlog
d:\git\terminal\src\terminal\x64\debug\terminal.tlog\link.2784-rc.write.1.tlog
d:\git\terminal\src\terminal\x64\debug\terminal.tlog\link.2784.read.1.tlog
d:\git\terminal\src\terminal\x64\debug\terminal.tlog\link.2784.read.2.tlog
d:\git\terminal\src\terminal\x64\debug\terminal.tlog\link.2784.write.1.tlog
d:\git\terminal\src\terminal\x64\debug\terminal.tlog\link.command.1.tlog
d:\git\terminal\src\terminal\x64\debug\terminal.tlog\link.read.1.tlog
d:\git\terminal\src\terminal\x64\debug\terminal.tlog\link.write.1.tlog
